# JRE version: Java(TM) SE Runtime Environment (15.0.2+7) (build 15.0.2+7-27)
# Java VM: Java HotSpot(TM) 64-Bit Server VM (15.0.2+7-27, mixed mode, sharing, tiered, compressed oops, g1 gc, windows-amd64)
GC Precious Log:
 CPUs: 8 total, 8 available
 Memory: 7894M
 Large Page Support: Disabled
 NUMA Support: Disabled
 Compressed Oops: Enabled (32-bit)
 Heap Region Size: 1M
 Heap Min Capacity: 8M
 Heap Initial Capacity: 124M
 Heap Max Capacity: 1974M
 Pre-touch: Disabled
 Parallel Workers: 8
 Concurrent Workers: 2
 Concurrent Refinement Workers: 8
 Periodic GC: Disabled
Heap:
 garbage-first heap   total 189440K, used 145537K [0x0000000084a00000, 0x0000000100000000)
  region size 1024K, 41 young (41984K), 2 survivors (2048K)
 Metaspace       used 49739K, capacity 50054K, committed 50688K, reserved 1093632K
  class space    used 6428K, capacity 6534K, committed 6656K, reserved 1048576K
GC Heap History (20 events):
Event: 82.420 GC heap before
{Heap before GC invocations=60 (full 0):
 garbage-first heap   total 189440K, used 166516K [0x0000000084a00000, 0x0000000100000000)
  region size 1024K, 60 young (61440K), 2 survivors (2048K)
 Metaspace       used 48413K, capacity 48761K, committed 49408K, reserved 1091584K
  class space    used 6236K, capacity 6340K, committed 6400K, reserved 1048576K
}
Event: 82.421 GC heap after
{Heap after GC invocations=61 (full 0):
 garbage-first heap   total 189440K, used 107140K [0x0000000084a00000, 0x0000000100000000)
  region size 1024K, 2 young (2048K), 2 survivors (2048K)
 Metaspace       used 48413K, capacity 48761K, committed 49408K, reserved 1091584K
  class space    used 6236K, capacity 6340K, committed 6400K, reserved 1048576K
}
Event: 84.966 GC heap before
{Heap before GC invocations=62 (full 0):
 garbage-first heap   total 189440K, used 165508K [0x0000000084a00000, 0x0000000100000000)
  region size 1024K, 60 young (61440K), 2 survivors (2048K)
 Metaspace       used 48415K, capacity 48761K, committed 49408K, reserved 1091584K
  class space    used 6236K, capacity 6340K, committed 6400K, reserved 1048576K
}
Event: 84.967 GC heap after
{Heap after GC invocations=63 (full 0):
 garbage-first heap   total 189440K, used 107243K [0x0000000084a00000, 0x0000000100000000)
  region size 1024K, 2 young (2048K), 2 survivors (2048K)
 Metaspace       used 48415K, capacity 48761K, committed 49408K, reserved 1091584K
  class space    used 6236K, capacity 6340K, committed 6400K, reserved 1048576K
}
Event: 86.608 GC heap before
{Heap before GC invocations=63 (full 0):
 garbage-first heap   total 189440K, used 166635K [0x0000000084a00000, 0x0000000100000000)
  region size 1024K, 60 young (61440K), 2 survivors (2048K)
 Metaspace       used 48422K, capacity 48761K, committed 49408K, reserved 1091584K
  class space    used 6236K, capacity 6340K, committed 6400K, reserved 1048576K
}
Event: 86.609 GC heap after
{Heap after GC invocations=64 (full 0):
 garbage-first heap   total 189440K, used 107317K [0x0000000084a00000, 0x0000000100000000)
  region size 1024K, 2 young (2048K), 2 survivors (2048K)
 Metaspace       used 48422K, capacity 48761K, committed 49408K, reserved 1091584K
  class space    used 6236K, capacity 6340K, committed 6400K, reserved 1048576K
}
Event: 87.501 GC heap before
{Heap before GC invocations=65 (full 0):
 garbage-first heap   total 189440K, used 166709K [0x0000000084a00000, 0x0000000100000000)
  region size 1024K, 60 young (61440K), 2 survivors (2048K)
 Metaspace       used 48426K, capacity 48761K, committed 49408K, reserved 1091584K
  class space    used 6236K, capacity 6340K, committed 6400K, reserved 1048576K
}
Event: 87.503 GC heap after
{Heap after GC invocations=66 (full 0):
 garbage-first heap   total 189440K, used 107405K [0x0000000084a00000, 0x0000000100000000)
  region size 1024K, 2 young (2048K), 2 survivors (2048K)
 Metaspace       used 48426K, capacity 48761K, committed 49408K, reserved 1091584K
  class space    used 6236K, capacity 6340K, committed 6400K, reserved 1048576K
}
Event: 88.204 GC heap before
{Heap before GC invocations=66 (full 0):
 garbage-first heap   total 189440K, used 166797K [0x0000000084a00000, 0x0000000100000000)
  region size 1024K, 60 young (61440K), 2 survivors (2048K)
 Metaspace       used 48449K, capacity 48761K, committed 49408K, reserved 1091584K
  class space    used 6236K, capacity 6340K, committed 6400K, reserved 1048576K
}
Event: 88.206 GC heap after
{Heap after GC invocations=67 (full 0):
 garbage-first heap   total 189440K, used 107385K [0x0000000084a00000, 0x0000000100000000)
  region size 1024K, 2 young (2048K), 2 survivors (2048K)
 Metaspace       used 48449K, capacity 48761K, committed 49408K, reserved 1091584K
  class space    used 6236K, capacity 6340K, committed 6400K, reserved 1048576K
}
Event: 88.790 GC heap before
{Heap before GC invocations=68 (full 0):
 garbage-first heap   total 189440K, used 166777K [0x0000000084a00000, 0x0000000100000000)
  region size 1024K, 60 young (61440K), 2 survivors (2048K)
 Metaspace       used 48449K, capacity 48761K, committed 49408K, reserved 1091584K
  class space    used 6236K, capacity 6340K, committed 6400K, reserved 1048576K
}
Event: 88.792 GC heap after
{Heap after GC invocations=69 (full 0):
 garbage-first heap   total 189440K, used 107446K [0x0000000084a00000, 0x0000000100000000)
  region size 1024K, 2 young (2048K), 2 survivors (2048K)
 Metaspace       used 48449K, capacity 48761K, committed 49408K, reserved 1091584K
  class space    used 6236K, capacity 6340K, committed 6400K, reserved 1048576K
}
Event: 89.368 GC heap before
{Heap before GC invocations=69 (full 0):
 garbage-first heap   total 189440K, used 166838K [0x0000000084a00000, 0x0000000100000000)
  region size 1024K, 60 young (61440K), 2 survivors (2048K)
 Metaspace       used 48453K, capacity 48761K, committed 49408K, reserved 1091584K
  class space    used 6236K, capacity 6340K, committed 6400K, reserved 1048576K
}
Event: 89.371 GC heap after
{Heap after GC invocations=70 (full 0):
 garbage-first heap   total 189440K, used 107468K [0x0000000084a00000, 0x0000000100000000)
  region size 1024K, 2 young (2048K), 2 survivors (2048K)
 Metaspace       used 48453K, capacity 48761K, committed 49408K, reserved 1091584K
  class space    used 6236K, capacity 6340K, committed 6400K, reserved 1048576K
}
Event: 90.172 GC heap before
{Heap before GC invocations=71 (full 0):
 garbage-first heap   total 189440K, used 166860K [0x0000000084a00000, 0x0000000100000000)
  region size 1024K, 60 young (61440K), 2 survivors (2048K)
 Metaspace       used 48459K, capacity 48761K, committed 49408K, reserved 1091584K
  class space    used 6236K, capacity 6340K, committed 6400K, reserved 1048576K
}
Event: 90.173 GC heap after
{Heap after GC invocations=72 (full 0):
 garbage-first heap   total 189440K, used 107528K [0x0000000084a00000, 0x0000000100000000)
  region size 1024K, 2 young (2048K), 2 survivors (2048K)
 Metaspace       used 48459K, capacity 48761K, committed 49408K, reserved 1091584K
  class space    used 6236K, capacity 6340K, committed 6400K, reserved 1048576K
}
Event: 90.853 GC heap before
{Heap before GC invocations=72 (full 0):
 garbage-first heap   total 189440K, used 166920K [0x0000000084a00000, 0x0000000100000000)
  region size 1024K, 60 young (61440K), 2 survivors (2048K)
 Metaspace       used 48459K, capacity 48761K, committed 49408K, reserved 1091584K
  class space    used 6236K, capacity 6340K, committed 6400K, reserved 1048576K
}
Event: 90.855 GC heap after
{Heap after GC invocations=73 (full 0):
 garbage-first heap   total 189440K, used 107538K [0x0000000084a00000, 0x0000000100000000)
  region size 1024K, 2 young (2048K), 2 survivors (2048K)
 Metaspace       used 48459K, capacity 48761K, committed 49408K, reserved 1091584K
  class space    used 6236K, capacity 6340K, committed 6400K, reserved 1048576K
}
Event: 92.613 GC heap before
{Heap before GC invocations=74 (full 0):
 garbage-first heap   total 189440K, used 166930K [0x0000000084a00000, 0x0000000100000000)
  region size 1024K, 60 young (61440K), 2 survivors (2048K)
 Metaspace       used 48461K, capacity 48761K, committed 49408K, reserved 1091584K
  class space    used 6236K, capacity 6340K, committed 6400K, reserved 1048576K
}
Event: 92.616 GC heap after
{Heap after GC invocations=75 (full 0):
 garbage-first heap   total 189440K, used 107649K [0x0000000084a00000, 0x0000000100000000)
  region size 1024K, 2 young (2048K), 2 survivors (2048K)
 Metaspace       used 48461K, capacity 48761K, committed 49408K, reserved 1091584K
  class space    used 6236K, capacity 6340K, committed 6400K, reserved 1048576K
}

