# JRE version: Java(TM) SE Runtime Environment (15.0.2+7) (build 15.0.2+7-27)
# Java VM: Java HotSpot(TM) 64-Bit Server VM (15.0.2+7-27, mixed mode, sharing, tiered, compressed oops, g1 gc, windows-amd64)
GC Precious Log:
 CPUs: 8 total, 8 available
 Memory: 7894M
 Large Page Support: Disabled
 NUMA Support: Disabled
 Compressed Oops: Enabled (32-bit)
 Heap Region Size: 1M
 Heap Min Capacity: 8M
 Heap Initial Capacity: 124M
 Heap Max Capacity: 1974M
 Pre-touch: Disabled
 Parallel Workers: 8
 Concurrent Workers: 2
 Concurrent Refinement Workers: 8
 Periodic GC: Disabled
Heap:
 garbage-first heap   total 188416K, used 128813K [0x0000000084a00000, 0x0000000100000000)
  region size 1024K, 24 young (24576K), 2 survivors (2048K)
 Metaspace       used 61162K, capacity 61723K, committed 62080K, reserved 1103872K
  class space    used 7827K, capacity 7971K, committed 8064K, reserved 1048576K
GC Heap History (20 events):
Event: 67.914 GC heap before
{Heap before GC invocations=52 (full 0):
 garbage-first heap   total 171008K, used 148662K [0x0000000084a00000, 0x0000000100000000)
  region size 1024K, 51 young (52224K), 3 survivors (3072K)
 Metaspace       used 46912K, capacity 47247K, committed 48000K, reserved 1091584K
  class space    used 6031K, capacity 6147K, committed 6272K, reserved 1048576K
}
Event: 67.916 GC heap after
{Heap after GC invocations=53 (full 0):
 garbage-first heap   total 171008K, used 99663K [0x0000000084a00000, 0x0000000100000000)
  region size 1024K, 3 young (3072K), 3 survivors (3072K)
 Metaspace       used 46912K, capacity 47247K, committed 48000K, reserved 1091584K
  class space    used 6031K, capacity 6147K, committed 6272K, reserved 1048576K
}
Event: 69.806 GC heap before
{Heap before GC invocations=53 (full 0):
 garbage-first heap   total 171008K, used 148815K [0x0000000084a00000, 0x0000000100000000)
  region size 1024K, 51 young (52224K), 3 survivors (3072K)
 Metaspace       used 46927K, capacity 47247K, committed 48000K, reserved 1091584K
  class space    used 6031K, capacity 6147K, committed 6272K, reserved 1048576K
}
Event: 69.808 GC heap after
{Heap after GC invocations=54 (full 0):
 garbage-first heap   total 171008K, used 99583K [0x0000000084a00000, 0x0000000100000000)
  region size 1024K, 2 young (2048K), 2 survivors (2048K)
 Metaspace       used 46927K, capacity 47247K, committed 48000K, reserved 1091584K
  class space    used 6031K, capacity 6147K, committed 6272K, reserved 1048576K
}
Event: 71.599 GC heap before
{Heap before GC invocations=55 (full 0):
 garbage-first heap   total 173056K, used 149759K [0x0000000084a00000, 0x0000000100000000)
  region size 1024K, 51 young (52224K), 2 survivors (2048K)
 Metaspace       used 46932K, capacity 47247K, committed 48000K, reserved 1091584K
  class space    used 6031K, capacity 6147K, committed 6272K, reserved 1048576K
}
Event: 71.601 GC heap after
{Heap after GC invocations=56 (full 0):
 garbage-first heap   total 173056K, used 99595K [0x0000000084a00000, 0x0000000100000000)
  region size 1024K, 2 young (2048K), 2 survivors (2048K)
 Metaspace       used 46932K, capacity 47247K, committed 48000K, reserved 1091584K
  class space    used 6031K, capacity 6147K, committed 6272K, reserved 1048576K
}
Event: 75.845 GC heap before
{Heap before GC invocations=56 (full 0):
 garbage-first heap   total 173056K, used 151819K [0x0000000084a00000, 0x0000000100000000)
  region size 1024K, 53 young (54272K), 2 survivors (2048K)
 Metaspace       used 46954K, capacity 47247K, committed 48000K, reserved 1091584K
  class space    used 6031K, capacity 6147K, committed 6272K, reserved 1048576K
}
Event: 75.848 GC heap after
{Heap after GC invocations=57 (full 0):
 garbage-first heap   total 173056K, used 99914K [0x0000000084a00000, 0x0000000100000000)
  region size 1024K, 2 young (2048K), 2 survivors (2048K)
 Metaspace       used 46954K, capacity 47247K, committed 48000K, reserved 1091584K
  class space    used 6031K, capacity 6147K, committed 6272K, reserved 1048576K
}
Event: 78.363 GC heap before
{Heap before GC invocations=58 (full 0):
 garbage-first heap   total 173056K, used 152138K [0x0000000084a00000, 0x0000000100000000)
  region size 1024K, 53 young (54272K), 2 survivors (2048K)
 Metaspace       used 46959K, capacity 47247K, committed 48000K, reserved 1091584K
  class space    used 6031K, capacity 6147K, committed 6272K, reserved 1048576K
}
Event: 78.364 GC heap after
{Heap after GC invocations=59 (full 0):
 garbage-first heap   total 173056K, used 99978K [0x0000000084a00000, 0x0000000100000000)
  region size 1024K, 2 young (2048K), 2 survivors (2048K)
 Metaspace       used 46959K, capacity 47247K, committed 48000K, reserved 1091584K
  class space    used 6031K, capacity 6147K, committed 6272K, reserved 1048576K
}
Event: 80.726 GC heap before
{Heap before GC invocations=59 (full 0):
 garbage-first heap   total 173056K, used 152202K [0x0000000084a00000, 0x0000000100000000)
  region size 1024K, 53 young (54272K), 2 survivors (2048K)
 Metaspace       used 46959K, capacity 47247K, committed 48000K, reserved 1091584K
  class space    used 6031K, capacity 6147K, committed 6272K, reserved 1048576K
}
Event: 80.727 GC heap after
{Heap after GC invocations=60 (full 0):
 garbage-first heap   total 173056K, used 99911K [0x0000000084a00000, 0x0000000100000000)
  region size 1024K, 2 young (2048K), 2 survivors (2048K)
 Metaspace       used 46959K, capacity 47247K, committed 48000K, reserved 1091584K
  class space    used 6031K, capacity 6147K, committed 6272K, reserved 1048576K
}
Event: 93.845 GC heap before
{Heap before GC invocations=61 (full 0):
 garbage-first heap   total 173056K, used 152135K [0x0000000084a00000, 0x0000000100000000)
  region size 1024K, 53 young (54272K), 2 survivors (2048K)
 Metaspace       used 47330K, capacity 47632K, committed 48256K, reserved 1091584K
  class space    used 6099K, capacity 6211K, committed 6272K, reserved 1048576K
}
Event: 93.847 GC heap after
{Heap after GC invocations=62 (full 0):
 garbage-first heap   total 173056K, used 99925K [0x0000000084a00000, 0x0000000100000000)
  region size 1024K, 2 young (2048K), 2 survivors (2048K)
 Metaspace       used 47330K, capacity 47632K, committed 48256K, reserved 1091584K
  class space    used 6099K, capacity 6211K, committed 6272K, reserved 1048576K
}
Event: 114.842 GC heap before
{Heap before GC invocations=62 (full 0):
 garbage-first heap   total 173056K, used 151125K [0x0000000084a00000, 0x0000000100000000)
  region size 1024K, 53 young (54272K), 2 survivors (2048K)
 Metaspace       used 56512K, capacity 57004K, committed 57344K, reserved 1099776K
  class space    used 7295K, capacity 7423K, committed 7424K, reserved 1048576K
}
Event: 114.845 GC heap after
{Heap after GC invocations=63 (full 0):
 garbage-first heap   total 173056K, used 103699K [0x0000000084a00000, 0x0000000100000000)
  region size 1024K, 6 young (6144K), 6 survivors (6144K)
 Metaspace       used 56512K, capacity 57004K, committed 57344K, reserved 1099776K
  class space    used 7295K, capacity 7423K, committed 7424K, reserved 1048576K
}
Event: 139.348 GC heap before
{Heap before GC invocations=64 (full 0):
 garbage-first heap   total 179200K, used 112915K [0x0000000084a00000, 0x0000000100000000)
  region size 1024K, 17 young (17408K), 6 survivors (6144K)
 Metaspace       used 56925K, capacity 57464K, committed 57728K, reserved 1099776K
  class space    used 7340K, capacity 7490K, committed 7552K, reserved 1048576K
}
Event: 139.352 GC heap after
{Heap after GC invocations=65 (full 0):
 garbage-first heap   total 179200K, used 105249K [0x0000000084a00000, 0x0000000100000000)
  region size 1024K, 3 young (3072K), 3 survivors (3072K)
 Metaspace       used 56925K, capacity 57464K, committed 57728K, reserved 1099776K
  class space    used 7340K, capacity 7490K, committed 7552K, reserved 1048576K
}
Event: 139.782 GC heap before
{Heap before GC invocations=66 (full 0):
 garbage-first heap   total 184320K, used 116513K [0x0000000084a00000, 0x0000000100000000)
  region size 1024K, 14 young (14336K), 3 survivors (3072K)
 Metaspace       used 59811K, capacity 60376K, committed 60544K, reserved 1101824K
  class space    used 7644K, capacity 7778K, committed 7808K, reserved 1048576K
}
Event: 139.784 GC heap after
{Heap after GC invocations=67 (full 0):
 garbage-first heap   total 184320K, used 104237K [0x0000000084a00000, 0x0000000100000000)
  region size 1024K, 2 young (2048K), 2 survivors (2048K)
 Metaspace       used 59811K, capacity 60376K, committed 60544K, reserved 1101824K
  class space    used 7644K, capacity 7778K, committed 7808K, reserved 1048576K
}

